[19-May-2022 01:30:03] NOTICE: fpm is running, pid 18
[19-May-2022 01:30:03] NOTICE: ready to handle connections
[19-May-2022 01:30:03] NOTICE: systemd monitor interval set to 10000ms
[23-May-2022 17:24:39] NOTICE: fpm is running, pid 18
[23-May-2022 17:24:39] NOTICE: ready to handle connections
[23-May-2022 17:24:39] NOTICE: systemd monitor interval set to 10000ms
[23-May-2022 17:24:42] NOTICE: fpm is running, pid 18
[23-May-2022 17:24:42] NOTICE: ready to handle connections
[23-May-2022 17:24:42] NOTICE: systemd monitor interval set to 10000ms
[23-May-2022 17:26:02] NOTICE: fpm is running, pid 18
[23-May-2022 17:26:02] NOTICE: ready to handle connections
[23-May-2022 17:26:02] NOTICE: systemd monitor interval set to 10000ms
[23-May-2022 17:26:04] NOTICE: fpm is running, pid 18
[23-May-2022 17:26:04] NOTICE: ready to handle connections
[23-May-2022 17:26:04] NOTICE: systemd monitor interval set to 10000ms
[23-May-2022 17:26:29] NOTICE: fpm is running, pid 18
[23-May-2022 17:26:29] NOTICE: ready to handle connections
[23-May-2022 17:26:29] NOTICE: systemd monitor interval set to 10000ms
[23-May-2022 17:26:56] NOTICE: fpm is running, pid 18
[23-May-2022 17:26:56] NOTICE: ready to handle connections
[23-May-2022 17:26:56] NOTICE: systemd monitor interval set to 10000ms
[23-May-2022 17:35:19] NOTICE: fpm is running, pid 18
[23-May-2022 17:35:19] NOTICE: ready to handle connections
[23-May-2022 17:35:19] NOTICE: systemd monitor interval set to 10000ms
[24-May-2022 18:45:19] NOTICE: fpm is running, pid 18
[24-May-2022 18:45:19] NOTICE: ready to handle connections
[24-May-2022 18:45:19] NOTICE: systemd monitor interval set to 10000ms
[26-May-2022 00:37:08] NOTICE: fpm is running, pid 18
[26-May-2022 00:37:08] NOTICE: ready to handle connections
[26-May-2022 00:37:08] NOTICE: systemd monitor interval set to 10000ms
[26-May-2022 00:37:11] NOTICE: fpm is running, pid 18
[26-May-2022 00:37:11] NOTICE: ready to handle connections
[26-May-2022 00:37:11] NOTICE: systemd monitor interval set to 10000ms
[26-May-2022 00:37:57] NOTICE: fpm is running, pid 18
[26-May-2022 00:37:57] NOTICE: ready to handle connections
[26-May-2022 00:37:57] NOTICE: systemd monitor interval set to 10000ms
[26-May-2022 01:46:19] NOTICE: fpm is running, pid 18
[26-May-2022 01:46:19] NOTICE: ready to handle connections
[26-May-2022 01:46:19] NOTICE: systemd monitor interval set to 10000ms
[26-May-2022 01:46:22] NOTICE: fpm is running, pid 18
[26-May-2022 01:46:22] NOTICE: ready to handle connections
[26-May-2022 01:46:22] NOTICE: systemd monitor interval set to 10000ms
[26-May-2022 02:01:02] NOTICE: fpm is running, pid 18
[26-May-2022 02:01:02] NOTICE: ready to handle connections
[26-May-2022 02:01:02] NOTICE: systemd monitor interval set to 10000ms
[26-May-2022 02:05:20] NOTICE: fpm is running, pid 18
[26-May-2022 02:05:20] NOTICE: ready to handle connections
[26-May-2022 02:05:20] NOTICE: systemd monitor interval set to 10000ms
[26-May-2022 02:07:10] NOTICE: fpm is running, pid 18
[26-May-2022 02:07:10] NOTICE: ready to handle connections
[26-May-2022 02:07:10] NOTICE: systemd monitor interval set to 10000ms
[26-May-2022 02:07:13] NOTICE: fpm is running, pid 18
[26-May-2022 02:07:13] NOTICE: ready to handle connections
[26-May-2022 02:07:13] NOTICE: systemd monitor interval set to 10000ms
[26-May-2022 02:07:58] NOTICE: fpm is running, pid 18
[26-May-2022 02:07:58] NOTICE: ready to handle connections
[26-May-2022 02:07:58] NOTICE: systemd monitor interval set to 10000ms
[26-May-2022 02:08:29] NOTICE: fpm is running, pid 18
[26-May-2022 02:08:29] NOTICE: ready to handle connections
[26-May-2022 02:08:29] NOTICE: systemd monitor interval set to 10000ms
[26-May-2022 02:08:32] NOTICE: fpm is running, pid 19
[26-May-2022 02:08:32] NOTICE: ready to handle connections
[26-May-2022 02:08:32] NOTICE: systemd monitor interval set to 10000ms
[26-May-2022 02:09:45] NOTICE: fpm is running, pid 18
[26-May-2022 02:09:45] NOTICE: ready to handle connections
[26-May-2022 02:09:45] NOTICE: systemd monitor interval set to 10000ms
[26-May-2022 02:09:48] NOTICE: fpm is running, pid 18
[26-May-2022 02:09:48] NOTICE: ready to handle connections
[26-May-2022 02:09:48] NOTICE: systemd monitor interval set to 10000ms
[26-May-2022 02:13:26] NOTICE: fpm is running, pid 18
[26-May-2022 02:13:26] NOTICE: ready to handle connections
[26-May-2022 02:13:26] NOTICE: systemd monitor interval set to 10000ms
[26-May-2022 02:13:29] NOTICE: fpm is running, pid 18
[26-May-2022 02:13:29] NOTICE: ready to handle connections
[26-May-2022 02:13:29] NOTICE: systemd monitor interval set to 10000ms
[26-May-2022 02:19:28] NOTICE: fpm is running, pid 18
[26-May-2022 02:19:28] NOTICE: ready to handle connections
[26-May-2022 02:19:28] NOTICE: systemd monitor interval set to 10000ms
[26-May-2022 02:19:32] NOTICE: fpm is running, pid 18
[26-May-2022 02:19:32] NOTICE: ready to handle connections
[26-May-2022 02:19:32] NOTICE: systemd monitor interval set to 10000ms
[26-May-2022 02:21:45] NOTICE: fpm is running, pid 19
[26-May-2022 02:21:45] NOTICE: ready to handle connections
[26-May-2022 02:21:45] NOTICE: systemd monitor interval set to 10000ms
[26-May-2022 02:21:48] NOTICE: fpm is running, pid 18
[26-May-2022 02:21:48] NOTICE: ready to handle connections
[26-May-2022 02:21:48] NOTICE: systemd monitor interval set to 10000ms
[26-May-2022 02:22:43] NOTICE: fpm is running, pid 18
[26-May-2022 02:22:43] NOTICE: ready to handle connections
[26-May-2022 02:22:43] NOTICE: systemd monitor interval set to 10000ms
[26-May-2022 02:23:18] NOTICE: fpm is running, pid 18
[26-May-2022 02:23:18] NOTICE: ready to handle connections
[26-May-2022 02:23:18] NOTICE: systemd monitor interval set to 10000ms
[26-May-2022 02:23:21] NOTICE: fpm is running, pid 18
[26-May-2022 02:23:21] NOTICE: ready to handle connections
[26-May-2022 02:23:21] NOTICE: systemd monitor interval set to 10000ms
[26-May-2022 02:23:39] NOTICE: fpm is running, pid 18
[26-May-2022 02:23:39] NOTICE: ready to handle connections
[26-May-2022 02:23:39] NOTICE: systemd monitor interval set to 10000ms
[26-May-2022 02:33:23] NOTICE: fpm is running, pid 19
[26-May-2022 02:33:23] NOTICE: ready to handle connections
[26-May-2022 02:33:23] NOTICE: systemd monitor interval set to 10000ms
[26-May-2022 02:33:26] NOTICE: fpm is running, pid 18
[26-May-2022 02:33:26] NOTICE: ready to handle connections
[26-May-2022 02:33:26] NOTICE: systemd monitor interval set to 10000ms
[26-May-2022 02:45:44] NOTICE: fpm is running, pid 18
[26-May-2022 02:45:44] NOTICE: ready to handle connections
[26-May-2022 02:45:44] NOTICE: systemd monitor interval set to 10000ms
[26-May-2022 02:45:48] NOTICE: fpm is running, pid 18
[26-May-2022 02:45:48] NOTICE: ready to handle connections
[26-May-2022 02:45:48] NOTICE: systemd monitor interval set to 10000ms
[26-May-2022 02:58:18] NOTICE: fpm is running, pid 19
[26-May-2022 02:58:18] NOTICE: ready to handle connections
[26-May-2022 02:58:18] NOTICE: systemd monitor interval set to 10000ms
[26-May-2022 02:58:22] NOTICE: fpm is running, pid 18
[26-May-2022 02:58:22] NOTICE: ready to handle connections
[26-May-2022 02:58:22] NOTICE: systemd monitor interval set to 10000ms
[26-May-2022 03:01:25] NOTICE: fpm is running, pid 18
[26-May-2022 03:01:25] NOTICE: ready to handle connections
[26-May-2022 03:01:25] NOTICE: systemd monitor interval set to 10000ms
[26-May-2022 03:01:28] NOTICE: fpm is running, pid 18
[26-May-2022 03:01:28] NOTICE: ready to handle connections
[26-May-2022 03:01:28] NOTICE: systemd monitor interval set to 10000ms
[26-May-2022 03:01:58] NOTICE: fpm is running, pid 18
[26-May-2022 03:01:58] NOTICE: ready to handle connections
[26-May-2022 03:01:58] NOTICE: systemd monitor interval set to 10000ms
[26-May-2022 03:02:39] NOTICE: fpm is running, pid 18
[26-May-2022 03:02:39] NOTICE: ready to handle connections
[26-May-2022 03:02:39] NOTICE: systemd monitor interval set to 10000ms
[26-May-2022 03:02:42] NOTICE: fpm is running, pid 18
[26-May-2022 03:02:42] NOTICE: ready to handle connections
[26-May-2022 03:02:42] NOTICE: systemd monitor interval set to 10000ms
[26-May-2022 03:03:15] NOTICE: fpm is running, pid 18
[26-May-2022 03:03:15] NOTICE: ready to handle connections
[26-May-2022 03:03:15] NOTICE: systemd monitor interval set to 10000ms
[26-May-2022 03:12:35] NOTICE: fpm is running, pid 17
[26-May-2022 03:12:35] NOTICE: ready to handle connections
[26-May-2022 03:12:35] NOTICE: systemd monitor interval set to 10000ms
[26-May-2022 03:24:46] NOTICE: fpm is running, pid 18
[26-May-2022 03:24:46] NOTICE: ready to handle connections
[26-May-2022 03:24:46] NOTICE: systemd monitor interval set to 10000ms
[26-May-2022 03:25:41] NOTICE: fpm is running, pid 18
[26-May-2022 03:25:41] NOTICE: ready to handle connections
[26-May-2022 03:25:41] NOTICE: systemd monitor interval set to 10000ms
[26-May-2022 20:45:14] NOTICE: fpm is running, pid 18
[26-May-2022 20:45:14] NOTICE: ready to handle connections
[26-May-2022 20:45:14] NOTICE: systemd monitor interval set to 10000ms
[26-May-2022 21:13:39] NOTICE: fpm is running, pid 18
[26-May-2022 21:13:39] NOTICE: ready to handle connections
[26-May-2022 21:13:39] NOTICE: systemd monitor interval set to 10000ms
[26-May-2022 22:53:07] NOTICE: fpm is running, pid 18
[26-May-2022 22:53:07] NOTICE: ready to handle connections
[26-May-2022 22:53:07] NOTICE: systemd monitor interval set to 10000ms
[26-May-2022 22:57:38] NOTICE: fpm is running, pid 18
[26-May-2022 22:57:38] NOTICE: ready to handle connections
[26-May-2022 22:57:38] NOTICE: systemd monitor interval set to 10000ms
[26-May-2022 22:57:59] NOTICE: fpm is running, pid 18
[26-May-2022 22:57:59] NOTICE: ready to handle connections
[26-May-2022 22:57:59] NOTICE: systemd monitor interval set to 10000ms
[26-May-2022 23:03:21] NOTICE: fpm is running, pid 18
[26-May-2022 23:03:21] NOTICE: ready to handle connections
[26-May-2022 23:03:21] NOTICE: systemd monitor interval set to 10000ms
[26-May-2022 23:05:27] NOTICE: fpm is running, pid 18
[26-May-2022 23:05:27] NOTICE: ready to handle connections
[26-May-2022 23:05:27] NOTICE: systemd monitor interval set to 10000ms
[26-May-2022 23:07:12] NOTICE: fpm is running, pid 18
[26-May-2022 23:07:12] NOTICE: ready to handle connections
[26-May-2022 23:07:12] NOTICE: systemd monitor interval set to 10000ms
[26-May-2022 23:18:19] NOTICE: fpm is running, pid 18
[26-May-2022 23:18:19] NOTICE: ready to handle connections
[26-May-2022 23:18:19] NOTICE: systemd monitor interval set to 10000ms
[26-May-2022 23:18:30] NOTICE: fpm is running, pid 18
[26-May-2022 23:18:30] NOTICE: ready to handle connections
[26-May-2022 23:18:30] NOTICE: systemd monitor interval set to 10000ms
[26-May-2022 23:19:32] NOTICE: fpm is running, pid 18
[26-May-2022 23:19:32] NOTICE: ready to handle connections
[26-May-2022 23:19:32] NOTICE: systemd monitor interval set to 10000ms
[27-May-2022 00:00:17] NOTICE: fpm is running, pid 18
[27-May-2022 00:00:17] NOTICE: ready to handle connections
[27-May-2022 00:00:17] NOTICE: systemd monitor interval set to 10000ms
[27-May-2022 04:00:16] NOTICE: fpm is running, pid 18
[27-May-2022 04:00:16] NOTICE: ready to handle connections
[27-May-2022 04:00:16] NOTICE: systemd monitor interval set to 10000ms
[27-May-2022 08:00:14] NOTICE: fpm is running, pid 19
[27-May-2022 08:00:14] NOTICE: ready to handle connections
[27-May-2022 08:00:14] NOTICE: systemd monitor interval set to 10000ms
[27-May-2022 12:00:18] NOTICE: fpm is running, pid 19
[27-May-2022 12:00:18] NOTICE: ready to handle connections
[27-May-2022 12:00:18] NOTICE: systemd monitor interval set to 10000ms
[27-May-2022 16:00:15] NOTICE: fpm is running, pid 18
[27-May-2022 16:00:15] NOTICE: ready to handle connections
[27-May-2022 16:00:15] NOTICE: systemd monitor interval set to 10000ms
[27-May-2022 20:00:18] NOTICE: fpm is running, pid 18
[27-May-2022 20:00:18] NOTICE: ready to handle connections
[27-May-2022 20:00:18] NOTICE: systemd monitor interval set to 10000ms
[28-May-2022 00:00:19] NOTICE: fpm is running, pid 18
[28-May-2022 00:00:19] NOTICE: ready to handle connections
[28-May-2022 00:00:19] NOTICE: systemd monitor interval set to 10000ms
[28-May-2022 04:00:14] NOTICE: fpm is running, pid 17
[28-May-2022 04:00:14] NOTICE: ready to handle connections
[28-May-2022 04:00:14] NOTICE: systemd monitor interval set to 10000ms
[28-May-2022 08:00:15] NOTICE: fpm is running, pid 17
[28-May-2022 08:00:15] NOTICE: ready to handle connections
[28-May-2022 08:00:15] NOTICE: systemd monitor interval set to 10000ms
[28-May-2022 12:00:20] NOTICE: fpm is running, pid 18
[28-May-2022 12:00:20] NOTICE: ready to handle connections
[28-May-2022 12:00:20] NOTICE: systemd monitor interval set to 10000ms
[28-May-2022 16:00:16] NOTICE: fpm is running, pid 18
[28-May-2022 16:00:16] NOTICE: ready to handle connections
[28-May-2022 16:00:16] NOTICE: systemd monitor interval set to 10000ms
[28-May-2022 20:00:16] NOTICE: fpm is running, pid 18
[28-May-2022 20:00:16] NOTICE: ready to handle connections
[28-May-2022 20:00:16] NOTICE: systemd monitor interval set to 10000ms
[29-May-2022 00:00:15] NOTICE: fpm is running, pid 18
[29-May-2022 00:00:15] NOTICE: ready to handle connections
[29-May-2022 00:00:15] NOTICE: systemd monitor interval set to 10000ms
[29-May-2022 04:00:16] NOTICE: fpm is running, pid 19
[29-May-2022 04:00:16] NOTICE: ready to handle connections
[29-May-2022 04:00:16] NOTICE: systemd monitor interval set to 10000ms
[29-May-2022 08:00:15] NOTICE: fpm is running, pid 18
[29-May-2022 08:00:15] NOTICE: ready to handle connections
[29-May-2022 08:00:15] NOTICE: systemd monitor interval set to 10000ms
[29-May-2022 12:00:16] NOTICE: fpm is running, pid 17
[29-May-2022 12:00:16] NOTICE: ready to handle connections
[29-May-2022 12:00:16] NOTICE: systemd monitor interval set to 10000ms
[29-May-2022 16:00:17] NOTICE: fpm is running, pid 17
[29-May-2022 16:00:17] NOTICE: ready to handle connections
[29-May-2022 16:00:17] NOTICE: systemd monitor interval set to 10000ms
[29-May-2022 20:00:17] NOTICE: fpm is running, pid 18
[29-May-2022 20:00:17] NOTICE: ready to handle connections
[29-May-2022 20:00:17] NOTICE: systemd monitor interval set to 10000ms
[30-May-2022 00:00:16] NOTICE: fpm is running, pid 18
[30-May-2022 00:00:16] NOTICE: ready to handle connections
[30-May-2022 00:00:16] NOTICE: systemd monitor interval set to 10000ms
[30-May-2022 04:00:16] NOTICE: fpm is running, pid 17
[30-May-2022 04:00:16] NOTICE: ready to handle connections
[30-May-2022 04:00:16] NOTICE: systemd monitor interval set to 10000ms
[30-May-2022 08:00:15] NOTICE: fpm is running, pid 18
[30-May-2022 08:00:15] NOTICE: ready to handle connections
[30-May-2022 08:00:15] NOTICE: systemd monitor interval set to 10000ms
[30-May-2022 12:00:17] NOTICE: fpm is running, pid 17
[30-May-2022 12:00:17] NOTICE: ready to handle connections
[30-May-2022 12:00:17] NOTICE: systemd monitor interval set to 10000ms
[30-May-2022 16:00:14] NOTICE: fpm is running, pid 17
[30-May-2022 16:00:14] NOTICE: ready to handle connections
[30-May-2022 16:00:14] NOTICE: systemd monitor interval set to 10000ms
[30-May-2022 20:00:17] NOTICE: fpm is running, pid 17
[30-May-2022 20:00:17] NOTICE: ready to handle connections
[30-May-2022 20:00:17] NOTICE: systemd monitor interval set to 10000ms
[31-May-2022 00:00:16] NOTICE: fpm is running, pid 18
[31-May-2022 00:00:16] NOTICE: ready to handle connections
[31-May-2022 00:00:16] NOTICE: systemd monitor interval set to 10000ms
[31-May-2022 04:00:17] NOTICE: fpm is running, pid 18
[31-May-2022 04:00:17] NOTICE: ready to handle connections
[31-May-2022 04:00:17] NOTICE: systemd monitor interval set to 10000ms
[31-May-2022 08:00:15] NOTICE: fpm is running, pid 18
[31-May-2022 08:00:15] NOTICE: ready to handle connections
[31-May-2022 08:00:15] NOTICE: systemd monitor interval set to 10000ms
[31-May-2022 12:00:18] NOTICE: fpm is running, pid 17
[31-May-2022 12:00:18] NOTICE: ready to handle connections
[31-May-2022 12:00:18] NOTICE: systemd monitor interval set to 10000ms
[31-May-2022 16:00:16] NOTICE: fpm is running, pid 18
[31-May-2022 16:00:16] NOTICE: ready to handle connections
[31-May-2022 16:00:16] NOTICE: systemd monitor interval set to 10000ms
[31-May-2022 20:00:18] NOTICE: fpm is running, pid 18
[31-May-2022 20:00:18] NOTICE: ready to handle connections
[31-May-2022 20:00:18] NOTICE: systemd monitor interval set to 10000ms
[01-Jun-2022 00:00:16] NOTICE: fpm is running, pid 18
[01-Jun-2022 00:00:16] NOTICE: ready to handle connections
[01-Jun-2022 00:00:16] NOTICE: systemd monitor interval set to 10000ms
[01-Jun-2022 04:00:16] NOTICE: fpm is running, pid 18
[01-Jun-2022 04:00:16] NOTICE: ready to handle connections
[01-Jun-2022 04:00:16] NOTICE: systemd monitor interval set to 10000ms
[01-Jun-2022 08:00:14] NOTICE: fpm is running, pid 18
[01-Jun-2022 08:00:14] NOTICE: ready to handle connections
[01-Jun-2022 08:00:14] NOTICE: systemd monitor interval set to 10000ms
[01-Jun-2022 12:00:18] NOTICE: fpm is running, pid 19
[01-Jun-2022 12:00:18] NOTICE: ready to handle connections
[01-Jun-2022 12:00:18] NOTICE: systemd monitor interval set to 10000ms
[01-Jun-2022 12:18:58] NOTICE: fpm is running, pid 18
[01-Jun-2022 12:18:58] NOTICE: ready to handle connections
[01-Jun-2022 12:18:58] NOTICE: systemd monitor interval set to 10000ms
[01-Jun-2022 12:22:10] NOTICE: fpm is running, pid 18
[01-Jun-2022 12:22:10] NOTICE: ready to handle connections
[01-Jun-2022 12:22:10] NOTICE: systemd monitor interval set to 10000ms
[01-Jun-2022 12:22:14] NOTICE: fpm is running, pid 18
[01-Jun-2022 12:22:14] NOTICE: ready to handle connections
[01-Jun-2022 12:22:14] NOTICE: systemd monitor interval set to 10000ms
[01-Jun-2022 12:22:52] NOTICE: fpm is running, pid 18
[01-Jun-2022 12:22:52] NOTICE: ready to handle connections
[01-Jun-2022 12:22:52] NOTICE: systemd monitor interval set to 10000ms
[01-Jun-2022 12:23:10] NOTICE: fpm is running, pid 18
[01-Jun-2022 12:23:10] NOTICE: ready to handle connections
[01-Jun-2022 12:23:10] NOTICE: systemd monitor interval set to 10000ms
[01-Jun-2022 12:31:29] NOTICE: fpm is running, pid 18
[01-Jun-2022 12:31:29] NOTICE: ready to handle connections
[01-Jun-2022 12:31:29] NOTICE: systemd monitor interval set to 10000ms
[01-Jun-2022 15:33:13] NOTICE: fpm is running, pid 18
[01-Jun-2022 15:33:13] NOTICE: ready to handle connections
[01-Jun-2022 15:33:13] NOTICE: systemd monitor interval set to 10000ms
[01-Jun-2022 15:33:16] NOTICE: fpm is running, pid 18
[01-Jun-2022 15:33:16] NOTICE: ready to handle connections
[01-Jun-2022 15:33:16] NOTICE: systemd monitor interval set to 10000ms
[01-Jun-2022 16:00:15] NOTICE: fpm is running, pid 18
[01-Jun-2022 16:00:15] NOTICE: ready to handle connections
[01-Jun-2022 16:00:15] NOTICE: systemd monitor interval set to 10000ms
[01-Jun-2022 20:00:15] NOTICE: fpm is running, pid 18
[01-Jun-2022 20:00:15] NOTICE: ready to handle connections
[01-Jun-2022 20:00:15] NOTICE: systemd monitor interval set to 10000ms
[02-Jun-2022 00:00:17] NOTICE: fpm is running, pid 18
[02-Jun-2022 00:00:17] NOTICE: ready to handle connections
[02-Jun-2022 00:00:17] NOTICE: systemd monitor interval set to 10000ms
[02-Jun-2022 00:29:36] NOTICE: fpm is running, pid 19
[02-Jun-2022 00:29:36] NOTICE: ready to handle connections
[02-Jun-2022 00:29:36] NOTICE: systemd monitor interval set to 10000ms
[02-Jun-2022 04:00:15] NOTICE: fpm is running, pid 17
[02-Jun-2022 04:00:15] NOTICE: ready to handle connections
[02-Jun-2022 04:00:15] NOTICE: systemd monitor interval set to 10000ms
[02-Jun-2022 08:00:15] NOTICE: fpm is running, pid 18
[02-Jun-2022 08:00:15] NOTICE: ready to handle connections
[02-Jun-2022 08:00:15] NOTICE: systemd monitor interval set to 10000ms
[02-Jun-2022 12:00:16] NOTICE: fpm is running, pid 19
[02-Jun-2022 12:00:16] NOTICE: ready to handle connections
[02-Jun-2022 12:00:16] NOTICE: systemd monitor interval set to 10000ms
[02-Jun-2022 16:00:16] NOTICE: fpm is running, pid 18
[02-Jun-2022 16:00:16] NOTICE: ready to handle connections
[02-Jun-2022 16:00:16] NOTICE: systemd monitor interval set to 10000ms
[02-Jun-2022 20:00:17] NOTICE: fpm is running, pid 18
[02-Jun-2022 20:00:17] NOTICE: ready to handle connections
[02-Jun-2022 20:00:17] NOTICE: systemd monitor interval set to 10000ms
[03-Jun-2022 00:00:23] NOTICE: fpm is running, pid 18
[03-Jun-2022 00:00:23] NOTICE: ready to handle connections
[03-Jun-2022 00:00:23] NOTICE: systemd monitor interval set to 10000ms
[03-Jun-2022 01:20:54] NOTICE: fpm is running, pid 18
[03-Jun-2022 01:20:54] NOTICE: ready to handle connections
[03-Jun-2022 01:20:54] NOTICE: systemd monitor interval set to 10000ms
[03-Jun-2022 01:33:21] NOTICE: fpm is running, pid 18
[03-Jun-2022 01:33:21] NOTICE: ready to handle connections
[03-Jun-2022 01:33:21] NOTICE: systemd monitor interval set to 10000ms
[03-Jun-2022 01:41:32] NOTICE: fpm is running, pid 18
[03-Jun-2022 01:41:32] NOTICE: ready to handle connections
[03-Jun-2022 01:41:32] NOTICE: systemd monitor interval set to 10000ms
[03-Jun-2022 02:17:46] NOTICE: fpm is running, pid 18
[03-Jun-2022 02:17:46] NOTICE: ready to handle connections
[03-Jun-2022 02:17:46] NOTICE: systemd monitor interval set to 10000ms
[03-Jun-2022 02:22:19] NOTICE: fpm is running, pid 18
[03-Jun-2022 02:22:19] NOTICE: ready to handle connections
[03-Jun-2022 02:22:19] NOTICE: systemd monitor interval set to 10000ms
[03-Jun-2022 02:23:48] NOTICE: fpm is running, pid 18
[03-Jun-2022 02:23:48] NOTICE: ready to handle connections
[03-Jun-2022 02:23:48] NOTICE: systemd monitor interval set to 10000ms
[03-Jun-2022 02:27:40] NOTICE: fpm is running, pid 18
[03-Jun-2022 02:27:40] NOTICE: ready to handle connections
[03-Jun-2022 02:27:40] NOTICE: systemd monitor interval set to 10000ms
[03-Jun-2022 02:51:48] NOTICE: fpm is running, pid 18
[03-Jun-2022 02:51:48] NOTICE: ready to handle connections
[03-Jun-2022 02:51:48] NOTICE: systemd monitor interval set to 10000ms
[03-Jun-2022 03:05:07] NOTICE: fpm is running, pid 18
[03-Jun-2022 03:05:07] NOTICE: ready to handle connections
[03-Jun-2022 03:05:07] NOTICE: systemd monitor interval set to 10000ms
[03-Jun-2022 04:00:18] NOTICE: fpm is running, pid 18
[03-Jun-2022 04:00:18] NOTICE: ready to handle connections
[03-Jun-2022 04:00:18] NOTICE: systemd monitor interval set to 10000ms
[03-Jun-2022 08:00:15] NOTICE: fpm is running, pid 19
[03-Jun-2022 08:00:15] NOTICE: ready to handle connections
[03-Jun-2022 08:00:15] NOTICE: systemd monitor interval set to 10000ms
[03-Jun-2022 12:00:18] NOTICE: fpm is running, pid 19
[03-Jun-2022 12:00:18] NOTICE: ready to handle connections
[03-Jun-2022 12:00:18] NOTICE: systemd monitor interval set to 10000ms
[03-Jun-2022 16:00:16] NOTICE: fpm is running, pid 18
[03-Jun-2022 16:00:16] NOTICE: ready to handle connections
[03-Jun-2022 16:00:16] NOTICE: systemd monitor interval set to 10000ms
[03-Jun-2022 20:00:17] NOTICE: fpm is running, pid 18
[03-Jun-2022 20:00:17] NOTICE: ready to handle connections
[03-Jun-2022 20:00:17] NOTICE: systemd monitor interval set to 10000ms
[04-Jun-2022 00:00:15] NOTICE: fpm is running, pid 19
[04-Jun-2022 00:00:15] NOTICE: ready to handle connections
[04-Jun-2022 00:00:15] NOTICE: systemd monitor interval set to 10000ms
[04-Jun-2022 04:00:15] NOTICE: fpm is running, pid 18
[04-Jun-2022 04:00:15] NOTICE: ready to handle connections
[04-Jun-2022 04:00:15] NOTICE: systemd monitor interval set to 10000ms
[04-Jun-2022 08:00:14] NOTICE: fpm is running, pid 19
[04-Jun-2022 08:00:14] NOTICE: ready to handle connections
[04-Jun-2022 08:00:14] NOTICE: systemd monitor interval set to 10000ms
[04-Jun-2022 12:00:18] NOTICE: fpm is running, pid 18
[04-Jun-2022 12:00:18] NOTICE: ready to handle connections
[04-Jun-2022 12:00:18] NOTICE: systemd monitor interval set to 10000ms
[04-Jun-2022 16:00:16] NOTICE: fpm is running, pid 18
[04-Jun-2022 16:00:16] NOTICE: ready to handle connections
[04-Jun-2022 16:00:16] NOTICE: systemd monitor interval set to 10000ms
[04-Jun-2022 20:00:16] NOTICE: fpm is running, pid 18
[04-Jun-2022 20:00:16] NOTICE: ready to handle connections
[04-Jun-2022 20:00:16] NOTICE: systemd monitor interval set to 10000ms
[05-Jun-2022 00:00:19] NOTICE: fpm is running, pid 18
[05-Jun-2022 00:00:19] NOTICE: ready to handle connections
[05-Jun-2022 00:00:19] NOTICE: systemd monitor interval set to 10000ms
[05-Jun-2022 04:00:16] NOTICE: fpm is running, pid 18
[05-Jun-2022 04:00:16] NOTICE: ready to handle connections
[05-Jun-2022 04:00:16] NOTICE: systemd monitor interval set to 10000ms
[05-Jun-2022 08:00:18] NOTICE: fpm is running, pid 18
[05-Jun-2022 08:00:18] NOTICE: ready to handle connections
[05-Jun-2022 08:00:18] NOTICE: systemd monitor interval set to 10000ms
[05-Jun-2022 12:00:19] NOTICE: fpm is running, pid 19
[05-Jun-2022 12:00:19] NOTICE: ready to handle connections
[05-Jun-2022 12:00:19] NOTICE: systemd monitor interval set to 10000ms
[05-Jun-2022 16:00:16] NOTICE: fpm is running, pid 17
[05-Jun-2022 16:00:16] NOTICE: ready to handle connections
[05-Jun-2022 16:00:16] NOTICE: systemd monitor interval set to 10000ms
[05-Jun-2022 20:00:18] NOTICE: fpm is running, pid 18
[05-Jun-2022 20:00:18] NOTICE: ready to handle connections
[05-Jun-2022 20:00:18] NOTICE: systemd monitor interval set to 10000ms
[06-Jun-2022 00:00:17] NOTICE: fpm is running, pid 18
[06-Jun-2022 00:00:17] NOTICE: ready to handle connections
[06-Jun-2022 00:00:17] NOTICE: systemd monitor interval set to 10000ms
[06-Jun-2022 04:00:17] NOTICE: fpm is running, pid 18
[06-Jun-2022 04:00:17] NOTICE: ready to handle connections
[06-Jun-2022 04:00:17] NOTICE: systemd monitor interval set to 10000ms
[06-Jun-2022 08:00:16] NOTICE: fpm is running, pid 17
[06-Jun-2022 08:00:16] NOTICE: ready to handle connections
[06-Jun-2022 08:00:16] NOTICE: systemd monitor interval set to 10000ms
[06-Jun-2022 12:00:17] NOTICE: fpm is running, pid 18
[06-Jun-2022 12:00:17] NOTICE: ready to handle connections
[06-Jun-2022 12:00:17] NOTICE: systemd monitor interval set to 10000ms
[06-Jun-2022 16:00:17] NOTICE: fpm is running, pid 18
[06-Jun-2022 16:00:17] NOTICE: ready to handle connections
[06-Jun-2022 16:00:17] NOTICE: systemd monitor interval set to 10000ms
[06-Jun-2022 20:00:16] NOTICE: fpm is running, pid 18
[06-Jun-2022 20:00:16] NOTICE: ready to handle connections
[06-Jun-2022 20:00:16] NOTICE: systemd monitor interval set to 10000ms
[07-Jun-2022 00:00:18] NOTICE: fpm is running, pid 19
[07-Jun-2022 00:00:18] NOTICE: ready to handle connections
[07-Jun-2022 00:00:18] NOTICE: systemd monitor interval set to 10000ms
[07-Jun-2022 04:00:18] NOTICE: fpm is running, pid 18
[07-Jun-2022 04:00:18] NOTICE: ready to handle connections
[07-Jun-2022 04:00:18] NOTICE: systemd monitor interval set to 10000ms
[07-Jun-2022 08:00:15] NOTICE: fpm is running, pid 18
[07-Jun-2022 08:00:15] NOTICE: ready to handle connections
[07-Jun-2022 08:00:15] NOTICE: systemd monitor interval set to 10000ms
[07-Jun-2022 12:00:18] NOTICE: fpm is running, pid 17
[07-Jun-2022 12:00:18] NOTICE: ready to handle connections
[07-Jun-2022 12:00:18] NOTICE: systemd monitor interval set to 10000ms
[07-Jun-2022 16:00:15] NOTICE: fpm is running, pid 18
[07-Jun-2022 16:00:15] NOTICE: ready to handle connections
[07-Jun-2022 16:00:15] NOTICE: systemd monitor interval set to 10000ms
[07-Jun-2022 20:00:18] NOTICE: fpm is running, pid 17
[07-Jun-2022 20:00:18] NOTICE: ready to handle connections
[07-Jun-2022 20:00:18] NOTICE: systemd monitor interval set to 10000ms
[08-Jun-2022 00:00:19] NOTICE: fpm is running, pid 18
[08-Jun-2022 00:00:19] NOTICE: ready to handle connections
[08-Jun-2022 00:00:19] NOTICE: systemd monitor interval set to 10000ms
[08-Jun-2022 04:00:17] NOTICE: fpm is running, pid 18
[08-Jun-2022 04:00:17] NOTICE: ready to handle connections
[08-Jun-2022 04:00:17] NOTICE: systemd monitor interval set to 10000ms
[08-Jun-2022 08:00:17] NOTICE: fpm is running, pid 18
[08-Jun-2022 08:00:17] NOTICE: ready to handle connections
[08-Jun-2022 08:00:17] NOTICE: systemd monitor interval set to 10000ms
[08-Jun-2022 12:00:17] NOTICE: fpm is running, pid 17
[08-Jun-2022 12:00:17] NOTICE: ready to handle connections
[08-Jun-2022 12:00:17] NOTICE: systemd monitor interval set to 10000ms
[08-Jun-2022 16:00:19] NOTICE: fpm is running, pid 18
[08-Jun-2022 16:00:19] NOTICE: ready to handle connections
[08-Jun-2022 16:00:19] NOTICE: systemd monitor interval set to 10000ms
[08-Jun-2022 20:00:16] NOTICE: fpm is running, pid 18
[08-Jun-2022 20:00:16] NOTICE: ready to handle connections
[08-Jun-2022 20:00:16] NOTICE: systemd monitor interval set to 10000ms
[09-Jun-2022 00:00:17] NOTICE: fpm is running, pid 18
[09-Jun-2022 00:00:17] NOTICE: ready to handle connections
[09-Jun-2022 00:00:17] NOTICE: systemd monitor interval set to 10000ms
[09-Jun-2022 04:00:17] NOTICE: fpm is running, pid 19
[09-Jun-2022 04:00:17] NOTICE: ready to handle connections
[09-Jun-2022 04:00:17] NOTICE: systemd monitor interval set to 10000ms
[09-Jun-2022 08:00:17] NOTICE: fpm is running, pid 18
[09-Jun-2022 08:00:17] NOTICE: ready to handle connections
[09-Jun-2022 08:00:17] NOTICE: systemd monitor interval set to 10000ms
[09-Jun-2022 12:00:19] NOTICE: fpm is running, pid 17
[09-Jun-2022 12:00:19] NOTICE: ready to handle connections
[09-Jun-2022 12:00:19] NOTICE: systemd monitor interval set to 10000ms
[09-Jun-2022 16:00:17] NOTICE: fpm is running, pid 18
[09-Jun-2022 16:00:17] NOTICE: ready to handle connections
[09-Jun-2022 16:00:17] NOTICE: systemd monitor interval set to 10000ms
[09-Jun-2022 20:00:16] NOTICE: fpm is running, pid 18
[09-Jun-2022 20:00:16] NOTICE: ready to handle connections
[09-Jun-2022 20:00:16] NOTICE: systemd monitor interval set to 10000ms
[10-Jun-2022 00:00:19] NOTICE: fpm is running, pid 18
[10-Jun-2022 00:00:19] NOTICE: ready to handle connections
[10-Jun-2022 00:00:19] NOTICE: systemd monitor interval set to 10000ms
[10-Jun-2022 04:00:14] NOTICE: fpm is running, pid 18
[10-Jun-2022 04:00:14] NOTICE: ready to handle connections
[10-Jun-2022 04:00:14] NOTICE: systemd monitor interval set to 10000ms
[10-Jun-2022 08:00:18] NOTICE: fpm is running, pid 17
[10-Jun-2022 08:00:18] NOTICE: ready to handle connections
[10-Jun-2022 08:00:18] NOTICE: systemd monitor interval set to 10000ms
[10-Jun-2022 10:43:03] NOTICE: fpm is running, pid 17
[10-Jun-2022 10:43:03] NOTICE: ready to handle connections
[10-Jun-2022 10:43:03] NOTICE: systemd monitor interval set to 10000ms
[10-Jun-2022 10:44:34] NOTICE: fpm is running, pid 18
[10-Jun-2022 10:44:34] NOTICE: ready to handle connections
[10-Jun-2022 10:44:34] NOTICE: systemd monitor interval set to 10000ms
[10-Jun-2022 10:47:22] NOTICE: fpm is running, pid 18
[10-Jun-2022 10:47:22] NOTICE: ready to handle connections
[10-Jun-2022 10:47:22] NOTICE: systemd monitor interval set to 10000ms
[10-Jun-2022 10:56:05] NOTICE: fpm is running, pid 17
[10-Jun-2022 10:56:05] NOTICE: ready to handle connections
[10-Jun-2022 10:56:05] NOTICE: systemd monitor interval set to 10000ms
[10-Jun-2022 11:03:14] NOTICE: fpm is running, pid 18
[10-Jun-2022 11:03:14] NOTICE: ready to handle connections
[10-Jun-2022 11:03:14] NOTICE: systemd monitor interval set to 10000ms
[10-Jun-2022 11:07:19] NOTICE: fpm is running, pid 18
[10-Jun-2022 11:07:19] NOTICE: ready to handle connections
[10-Jun-2022 11:07:19] NOTICE: systemd monitor interval set to 10000ms
[10-Jun-2022 11:08:28] NOTICE: fpm is running, pid 18
[10-Jun-2022 11:08:28] NOTICE: ready to handle connections
[10-Jun-2022 11:08:28] NOTICE: systemd monitor interval set to 10000ms
[10-Jun-2022 11:08:33] NOTICE: fpm is running, pid 19
[10-Jun-2022 11:08:33] NOTICE: ready to handle connections
[10-Jun-2022 11:08:33] NOTICE: systemd monitor interval set to 10000ms
[10-Jun-2022 11:09:57] NOTICE: fpm is running, pid 18
[10-Jun-2022 11:09:57] NOTICE: ready to handle connections
[10-Jun-2022 11:09:57] NOTICE: systemd monitor interval set to 10000ms
[10-Jun-2022 11:12:57] NOTICE: fpm is running, pid 17
[10-Jun-2022 11:12:57] NOTICE: ready to handle connections
[10-Jun-2022 11:12:57] NOTICE: systemd monitor interval set to 10000ms
[10-Jun-2022 11:13:37] NOTICE: fpm is running, pid 18
[10-Jun-2022 11:13:37] NOTICE: ready to handle connections
[10-Jun-2022 11:13:37] NOTICE: systemd monitor interval set to 10000ms
[10-Jun-2022 11:13:50] NOTICE: fpm is running, pid 18
[10-Jun-2022 11:13:50] NOTICE: ready to handle connections
[10-Jun-2022 11:13:50] NOTICE: systemd monitor interval set to 10000ms
[10-Jun-2022 11:15:22] NOTICE: fpm is running, pid 18
[10-Jun-2022 11:15:22] NOTICE: ready to handle connections
[10-Jun-2022 11:15:22] NOTICE: systemd monitor interval set to 10000ms
[10-Jun-2022 11:17:30] NOTICE: fpm is running, pid 18
[10-Jun-2022 11:17:30] NOTICE: ready to handle connections
[10-Jun-2022 11:17:30] NOTICE: systemd monitor interval set to 10000ms
[10-Jun-2022 11:18:37] NOTICE: fpm is running, pid 18
[10-Jun-2022 11:18:37] NOTICE: ready to handle connections
[10-Jun-2022 11:18:37] NOTICE: systemd monitor interval set to 10000ms
[10-Jun-2022 11:21:21] NOTICE: fpm is running, pid 18
[10-Jun-2022 11:21:21] NOTICE: ready to handle connections
[10-Jun-2022 11:21:21] NOTICE: systemd monitor interval set to 10000ms
[10-Jun-2022 11:22:18] NOTICE: fpm is running, pid 18
[10-Jun-2022 11:22:18] NOTICE: ready to handle connections
[10-Jun-2022 11:22:18] NOTICE: systemd monitor interval set to 10000ms
[10-Jun-2022 11:23:55] NOTICE: fpm is running, pid 19
[10-Jun-2022 11:23:55] NOTICE: ready to handle connections
[10-Jun-2022 11:23:55] NOTICE: systemd monitor interval set to 10000ms
[10-Jun-2022 11:27:05] NOTICE: fpm is running, pid 18
[10-Jun-2022 11:27:05] NOTICE: ready to handle connections
[10-Jun-2022 11:27:05] NOTICE: systemd monitor interval set to 10000ms
[10-Jun-2022 11:28:00] NOTICE: fpm is running, pid 18
[10-Jun-2022 11:28:00] NOTICE: ready to handle connections
[10-Jun-2022 11:28:00] NOTICE: systemd monitor interval set to 10000ms
[10-Jun-2022 12:00:19] NOTICE: fpm is running, pid 18
[10-Jun-2022 12:00:19] NOTICE: ready to handle connections
[10-Jun-2022 12:00:19] NOTICE: systemd monitor interval set to 10000ms
[10-Jun-2022 16:00:19] NOTICE: fpm is running, pid 18
[10-Jun-2022 16:00:19] NOTICE: ready to handle connections
[10-Jun-2022 16:00:19] NOTICE: systemd monitor interval set to 10000ms
[10-Jun-2022 20:00:14] NOTICE: fpm is running, pid 18
[10-Jun-2022 20:00:14] NOTICE: ready to handle connections
[10-Jun-2022 20:00:14] NOTICE: systemd monitor interval set to 10000ms
[11-Jun-2022 00:00:16] NOTICE: fpm is running, pid 17
[11-Jun-2022 00:00:16] NOTICE: ready to handle connections
[11-Jun-2022 00:00:16] NOTICE: systemd monitor interval set to 10000ms
[11-Jun-2022 04:00:18] NOTICE: fpm is running, pid 18
[11-Jun-2022 04:00:18] NOTICE: ready to handle connections
[11-Jun-2022 04:00:18] NOTICE: systemd monitor interval set to 10000ms
[11-Jun-2022 08:00:16] NOTICE: fpm is running, pid 17
[11-Jun-2022 08:00:16] NOTICE: ready to handle connections
[11-Jun-2022 08:00:16] NOTICE: systemd monitor interval set to 10000ms
[11-Jun-2022 12:00:18] NOTICE: fpm is running, pid 17
[11-Jun-2022 12:00:18] NOTICE: ready to handle connections
[11-Jun-2022 12:00:18] NOTICE: systemd monitor interval set to 10000ms
[11-Jun-2022 16:00:17] NOTICE: fpm is running, pid 18
[11-Jun-2022 16:00:17] NOTICE: ready to handle connections
[11-Jun-2022 16:00:17] NOTICE: systemd monitor interval set to 10000ms
[11-Jun-2022 20:00:18] NOTICE: fpm is running, pid 18
[11-Jun-2022 20:00:18] NOTICE: ready to handle connections
[11-Jun-2022 20:00:18] NOTICE: systemd monitor interval set to 10000ms
[12-Jun-2022 00:00:17] NOTICE: fpm is running, pid 18
[12-Jun-2022 00:00:17] NOTICE: ready to handle connections
[12-Jun-2022 00:00:17] NOTICE: systemd monitor interval set to 10000ms
[12-Jun-2022 04:00:16] NOTICE: fpm is running, pid 18
[12-Jun-2022 04:00:16] NOTICE: ready to handle connections
[12-Jun-2022 04:00:16] NOTICE: systemd monitor interval set to 10000ms
[12-Jun-2022 08:00:17] NOTICE: fpm is running, pid 19
[12-Jun-2022 08:00:17] NOTICE: ready to handle connections
[12-Jun-2022 08:00:17] NOTICE: systemd monitor interval set to 10000ms
[12-Jun-2022 12:00:33] NOTICE: fpm is running, pid 19
[12-Jun-2022 12:00:33] NOTICE: ready to handle connections
[12-Jun-2022 12:00:33] NOTICE: systemd monitor interval set to 10000ms
[12-Jun-2022 16:00:28] NOTICE: fpm is running, pid 18
[12-Jun-2022 16:00:28] NOTICE: ready to handle connections
[12-Jun-2022 16:00:28] NOTICE: systemd monitor interval set to 10000ms
[12-Jun-2022 20:00:31] NOTICE: fpm is running, pid 18
[12-Jun-2022 20:00:31] NOTICE: ready to handle connections
[12-Jun-2022 20:00:31] NOTICE: systemd monitor interval set to 10000ms
[13-Jun-2022 00:00:21] NOTICE: fpm is running, pid 19
[13-Jun-2022 00:00:21] NOTICE: ready to handle connections
[13-Jun-2022 00:00:21] NOTICE: systemd monitor interval set to 10000ms
[13-Jun-2022 04:00:21] NOTICE: fpm is running, pid 18
[13-Jun-2022 04:00:21] NOTICE: ready to handle connections
[13-Jun-2022 04:00:21] NOTICE: systemd monitor interval set to 10000ms
[13-Jun-2022 08:00:20] NOTICE: fpm is running, pid 19
[13-Jun-2022 08:00:20] NOTICE: ready to handle connections
[13-Jun-2022 08:00:20] NOTICE: systemd monitor interval set to 10000ms
[13-Jun-2022 12:00:22] NOTICE: fpm is running, pid 19
[13-Jun-2022 12:00:22] NOTICE: ready to handle connections
[13-Jun-2022 12:00:22] NOTICE: systemd monitor interval set to 10000ms
[13-Jun-2022 16:00:30] NOTICE: fpm is running, pid 17
[13-Jun-2022 16:00:30] NOTICE: ready to handle connections
[13-Jun-2022 16:00:30] NOTICE: systemd monitor interval set to 10000ms
[13-Jun-2022 19:13:40] NOTICE: fpm is running, pid 18
[13-Jun-2022 19:13:40] NOTICE: ready to handle connections
[13-Jun-2022 19:13:40] NOTICE: systemd monitor interval set to 10000ms
[13-Jun-2022 20:00:16] NOTICE: fpm is running, pid 18
[13-Jun-2022 20:00:16] NOTICE: ready to handle connections
[13-Jun-2022 20:00:16] NOTICE: systemd monitor interval set to 10000ms
[14-Jun-2022 00:00:30] NOTICE: fpm is running, pid 18
[14-Jun-2022 00:00:30] NOTICE: ready to handle connections
[14-Jun-2022 00:00:30] NOTICE: systemd monitor interval set to 10000ms
[14-Jun-2022 04:00:24] NOTICE: fpm is running, pid 18
[14-Jun-2022 04:00:24] NOTICE: ready to handle connections
[14-Jun-2022 04:00:24] NOTICE: systemd monitor interval set to 10000ms
[14-Jun-2022 08:00:26] NOTICE: fpm is running, pid 18
[14-Jun-2022 08:00:26] NOTICE: ready to handle connections
[14-Jun-2022 08:00:26] NOTICE: systemd monitor interval set to 10000ms
[14-Jun-2022 12:00:24] NOTICE: fpm is running, pid 19
[14-Jun-2022 12:00:24] NOTICE: ready to handle connections
[14-Jun-2022 12:00:24] NOTICE: systemd monitor interval set to 10000ms
[14-Jun-2022 16:00:19] NOTICE: fpm is running, pid 18
[14-Jun-2022 16:00:19] NOTICE: ready to handle connections
[14-Jun-2022 16:00:19] NOTICE: systemd monitor interval set to 10000ms
[14-Jun-2022 20:00:28] NOTICE: fpm is running, pid 18
[14-Jun-2022 20:00:28] NOTICE: ready to handle connections
[14-Jun-2022 20:00:28] NOTICE: systemd monitor interval set to 10000ms
[14-Jun-2022 23:47:48] NOTICE: fpm is running, pid 18
[14-Jun-2022 23:47:48] NOTICE: ready to handle connections
[14-Jun-2022 23:47:48] NOTICE: systemd monitor interval set to 10000ms
[14-Jun-2022 23:47:54] NOTICE: fpm is running, pid 18
[14-Jun-2022 23:47:54] NOTICE: ready to handle connections
[14-Jun-2022 23:47:54] NOTICE: systemd monitor interval set to 10000ms
[14-Jun-2022 23:48:36] NOTICE: fpm is running, pid 18
[14-Jun-2022 23:48:36] NOTICE: ready to handle connections
[14-Jun-2022 23:48:36] NOTICE: systemd monitor interval set to 10000ms
[14-Jun-2022 23:49:16] NOTICE: fpm is running, pid 17
[14-Jun-2022 23:49:16] NOTICE: ready to handle connections
[14-Jun-2022 23:49:16] NOTICE: systemd monitor interval set to 10000ms
[14-Jun-2022 23:49:22] NOTICE: fpm is running, pid 18
[14-Jun-2022 23:49:22] NOTICE: ready to handle connections
[14-Jun-2022 23:49:22] NOTICE: systemd monitor interval set to 10000ms
[14-Jun-2022 23:50:09] NOTICE: fpm is running, pid 17
[14-Jun-2022 23:50:09] NOTICE: ready to handle connections
[14-Jun-2022 23:50:09] NOTICE: systemd monitor interval set to 10000ms
[14-Jun-2022 23:51:42] NOTICE: fpm is running, pid 17
[14-Jun-2022 23:51:42] NOTICE: ready to handle connections
[14-Jun-2022 23:51:42] NOTICE: systemd monitor interval set to 10000ms
[14-Jun-2022 23:51:48] NOTICE: fpm is running, pid 19
[14-Jun-2022 23:51:48] NOTICE: ready to handle connections
[14-Jun-2022 23:51:48] NOTICE: systemd monitor interval set to 10000ms
[14-Jun-2022 23:52:26] NOTICE: fpm is running, pid 19
[14-Jun-2022 23:52:26] NOTICE: ready to handle connections
[14-Jun-2022 23:52:26] NOTICE: systemd monitor interval set to 10000ms
[15-Jun-2022 00:00:24] NOTICE: fpm is running, pid 19
[15-Jun-2022 00:00:24] NOTICE: ready to handle connections
[15-Jun-2022 00:00:24] NOTICE: systemd monitor interval set to 10000ms
[15-Jun-2022 00:00:40] NOTICE: fpm is running, pid 19
[15-Jun-2022 00:00:40] NOTICE: ready to handle connections
[15-Jun-2022 00:00:40] NOTICE: systemd monitor interval set to 10000ms
[15-Jun-2022 00:01:45] NOTICE: fpm is running, pid 18
[15-Jun-2022 00:01:45] NOTICE: ready to handle connections
[15-Jun-2022 00:01:45] NOTICE: systemd monitor interval set to 10000ms
[15-Jun-2022 00:03:19] NOTICE: fpm is running, pid 19
[15-Jun-2022 00:03:19] NOTICE: ready to handle connections
[15-Jun-2022 00:03:19] NOTICE: systemd monitor interval set to 10000ms
[15-Jun-2022 00:04:01] NOTICE: fpm is running, pid 18
[15-Jun-2022 00:04:01] NOTICE: ready to handle connections
[15-Jun-2022 00:04:01] NOTICE: systemd monitor interval set to 10000ms
[15-Jun-2022 00:07:13] NOTICE: fpm is running, pid 18
[15-Jun-2022 00:07:13] NOTICE: ready to handle connections
[15-Jun-2022 00:07:13] NOTICE: systemd monitor interval set to 10000ms
[15-Jun-2022 00:07:20] NOTICE: fpm is running, pid 17
[15-Jun-2022 00:07:20] NOTICE: ready to handle connections
[15-Jun-2022 00:07:20] NOTICE: systemd monitor interval set to 10000ms
[15-Jun-2022 00:08:22] NOTICE: fpm is running, pid 19
[15-Jun-2022 00:08:22] NOTICE: ready to handle connections
[15-Jun-2022 00:08:22] NOTICE: systemd monitor interval set to 10000ms
[15-Jun-2022 00:13:47] NOTICE: fpm is running, pid 17
[15-Jun-2022 00:13:47] NOTICE: ready to handle connections
[15-Jun-2022 00:13:47] NOTICE: systemd monitor interval set to 10000ms
[15-Jun-2022 00:16:13] NOTICE: fpm is running, pid 19
[15-Jun-2022 00:16:13] NOTICE: ready to handle connections
[15-Jun-2022 00:16:13] NOTICE: systemd monitor interval set to 10000ms
[15-Jun-2022 04:00:21] NOTICE: fpm is running, pid 17
[15-Jun-2022 04:00:21] NOTICE: ready to handle connections
[15-Jun-2022 04:00:21] NOTICE: systemd monitor interval set to 10000ms
[15-Jun-2022 08:00:26] NOTICE: fpm is running, pid 18
[15-Jun-2022 08:00:26] NOTICE: ready to handle connections
[15-Jun-2022 08:00:26] NOTICE: systemd monitor interval set to 10000ms
[15-Jun-2022 09:58:31] NOTICE: fpm is running, pid 18
[15-Jun-2022 09:58:31] NOTICE: ready to handle connections
[15-Jun-2022 09:58:31] NOTICE: systemd monitor interval set to 10000ms
[15-Jun-2022 12:00:27] NOTICE: fpm is running, pid 17
[15-Jun-2022 12:00:27] NOTICE: ready to handle connections
[15-Jun-2022 12:00:27] NOTICE: systemd monitor interval set to 10000ms
[15-Jun-2022 15:05:58] NOTICE: fpm is running, pid 18
[15-Jun-2022 15:05:58] NOTICE: ready to handle connections
[15-Jun-2022 15:05:58] NOTICE: systemd monitor interval set to 10000ms
[15-Jun-2022 15:06:03] NOTICE: fpm is running, pid 18
[15-Jun-2022 15:06:03] NOTICE: ready to handle connections
[15-Jun-2022 15:06:03] NOTICE: systemd monitor interval set to 10000ms
[15-Jun-2022 15:06:40] NOTICE: fpm is running, pid 18
[15-Jun-2022 15:06:40] NOTICE: ready to handle connections
[15-Jun-2022 15:06:40] NOTICE: systemd monitor interval set to 10000ms
[15-Jun-2022 15:18:06] NOTICE: fpm is running, pid 18
[15-Jun-2022 15:18:06] NOTICE: ready to handle connections
[15-Jun-2022 15:18:06] NOTICE: systemd monitor interval set to 10000ms
[15-Jun-2022 16:00:33] NOTICE: fpm is running, pid 18
[15-Jun-2022 16:00:33] NOTICE: ready to handle connections
[15-Jun-2022 16:00:33] NOTICE: systemd monitor interval set to 10000ms
